{"name": "test_07_Add_New_Estimates", "status": "broken", "statusDetails": {"message": "selenium.common.exceptions.TimeoutException: Message: \nStacktrace:\nSymbols not available. Dumping unresolved backtrace:\n\t0x7ff72a5ea235\n\t0x7ff72a342630\n\t0x7ff72a0d16dd\n\t0x7ff72a12a27e\n\t0x7ff72a12a58c\n\t0x7ff72a17ed77\n\t0x7ff72a17baba\n\t0x7ff72a11b0ed\n\t0x7ff72a11bf63\n\t0x7ff72a615d60\n\t0x7ff72a60fe8a\n\t0x7ff72a631005\n\t0x7ff72a35d71e\n\t0x7ff72a364e1f\n\t0x7ff72a34b7c4\n\t0x7ff72a34b97f\n\t0x7ff72a3318e8\n\t0x7ffc535ee8d7\n\t0x7ffc5500c53c", "trace": "self = <Test.4_Estimates_Test.Login testMethod=test_07_Add_New_Estimates>\n\n    @pytest.mark.navigation(\"Login >> Admin Dashboard >> Bookkeeping >> Client \")\n    @pytest.mark.description(f\"Go to Select Admin panel >> click Home >> click bookkeeping >> go for Client >> click on sell >> Estimates \")\n    \n    def test_07_Add_New_Estimates(self):\n        client_section = Estimates(driver=self.driver)\n        client_section.Select_Business()\n        time.sleep(5)\n        client_section.Click_Input()\n        time.sleep(.2)\n        client_section.Click_Sales()\n        time.sleep(.2)\n    \n        client_section.Select_Estimates()\n        time.sleep(.2)\n        client_section.Add_Estimates()\n        time.sleep(.2)\n        client_section.Select_Customer_for_Estimate()\n        time.sleep(.2)\n>       client_section.Select_item()\n\nTest\\4_Estimates_Test.py:81: \n_ _ _ _ _ _ _ _ _ _ _ _ _ _ _ _ _ _ _ _ _ _ _ _ _ _ _ _ _ _ _ _ _ _ _ _ _ _ _ _ _ _ _ _ _ _ _ _ _ _ _ _ _ _ _ _ _ _ _ _ _ _ _ _ _ _ _ _ _ _ _ _ _ _ _ _ _ _ _ _ _ _ _ _ _ _ _ _ _ _ _ _ _ _ _ _ _ _ _ _ _ _ _ _ _ _ _ _ _ _ _ _ _ _\nPages\\Estimates_page.py:140: in Select_item\n    item = w.until(\n_ _ _ _ _ _ _ _ _ _ _ _ _ _ _ _ _ _ _ _ _ _ _ _ _ _ _ _ _ _ _ _ _ _ _ _ _ _ _ _ _ _ _ _ _ _ _ _ _ _ _ _ _ _ _ _ _ _ _ _ _ _ _ _ _ _ _ _ _ _ _ _ _ _ _ _ _ _ _ _ _ _ _ _ _ _ _ _ _ _ _ _ _ _ _ _ _ _ _ _ _ _ _ _ _ _ _ _ _ _ _ _ _ _\n\nself = <selenium.webdriver.support.wait.WebDriverWait (session=\"192f5badb1238e702b6c220b16704125\")>, method = <function visibility_of_element_located.<locals>._predicate at 0x000002399BEE4FE0>, message = ''\n\n    def until(self, method: Callable[[D], Union[Literal[False], T]], message: str = \"\") -> T:\n        \"\"\"Wait until the method returns a value that is not False.\n    \n        Calls the method provided with the driver as an argument until the\n        return value does not evaluate to ``False``.\n    \n        Parameters:\n        -----------\n        method: callable(WebDriver)\n            - A callable object that takes a WebDriver instance as an argument.\n    \n        message: str\n            - Optional message for :exc:`TimeoutException`\n    \n        Return:\n        -------\n        object: T\n            - The result of the last call to `method`\n    \n        Raises:\n        -------\n        TimeoutException\n            - If 'method' does not return a truthy value within the WebDriverWait\n            object's timeout\n    \n        Example:\n        --------\n        >>> from selenium.webdriver.common.by import By\n        >>> from selenium.webdriver.support.ui import WebDriverWait\n        >>> from selenium.webdriver.support import expected_conditions as EC\n    \n        # Wait until an element is visible on the page\n        >>> wait = WebDriverWait(driver, 10)\n        >>> element = wait.until(EC.visibility_of_element_located((By.ID, \"exampleId\")))\n        >>> print(element.text)\n        \"\"\"\n        screen = None\n        stacktrace = None\n    \n        end_time = time.monotonic() + self._timeout\n        while True:\n            try:\n                value = method(self._driver)\n                if value:\n                    return value\n            except self._ignored_exceptions as exc:\n                screen = getattr(exc, \"screen\", None)\n                stacktrace = getattr(exc, \"stacktrace\", None)\n            if time.monotonic() > end_time:\n                break\n            time.sleep(self._poll)\n>       raise TimeoutException(message, screen, stacktrace)\nE       selenium.common.exceptions.TimeoutException: Message: \nE       Stacktrace:\nE       Symbols not available. Dumping unresolved backtrace:\nE       \t0x7ff72a5ea235\nE       \t0x7ff72a342630\nE       \t0x7ff72a0d16dd\nE       \t0x7ff72a12a27e\nE       \t0x7ff72a12a58c\nE       \t0x7ff72a17ed77\nE       \t0x7ff72a17baba\nE       \t0x7ff72a11b0ed\nE       \t0x7ff72a11bf63\nE       \t0x7ff72a615d60\nE       \t0x7ff72a60fe8a\nE       \t0x7ff72a631005\nE       \t0x7ff72a35d71e\nE       \t0x7ff72a364e1f\nE       \t0x7ff72a34b7c4\nE       \t0x7ff72a34b97f\nE       \t0x7ff72a3318e8\nE       \t0x7ffc535ee8d7\nE       \t0x7ffc5500c53c\n\n.venv\\Lib\\site-packages\\selenium\\webdriver\\support\\wait.py:138: TimeoutException"}, "attachments": [{"name": "stdout", "source": "6ba4ebb2-cec0-4756-8911-74d29939024b-attachment.txt", "type": "text/plain"}], "start": 1764575933322, "stop": 1764576069845, "uuid": "cd048de8-4b06-4d21-9358-945be6606460", "historyId": "fd49eee4c22cc1410c6381ac46bbc45f", "testCaseId": "fd49eee4c22cc1410c6381ac46bbc45f", "fullName": "Test.4_Estimates_Test.Login#test_07_Add_New_Estimates", "labels": [{"name": "parentSuite", "value": "Test"}, {"name": "suite", "value": "4_Estimates_Test"}, {"name": "subSuite", "value": "Login"}, {"name": "host", "value": "CT-IT-PC-0095"}, {"name": "thread", "value": "16228-MainThread"}, {"name": "framework", "value": "pytest"}, {"name": "language", "value": "cpython3"}, {"name": "package", "value": "Test.4_Estimates_Test"}], "titlePath": ["Test", "4_Estimates_Test.py", "Login"]}