{"name": "test_21_Expense_claims", "status": "broken", "statusDetails": {"message": "selenium.common.exceptions.NoSuchWindowException: Message: no such window: target window already closed\nfrom unknown error: web view not found\n  (Session info: chrome=144.0.7559.96)\nStacktrace:\nSymbols not available. Dumping unresolved backtrace:\n\t0x7ff78b985715\n\t0x7ff78b985770\n\t0x7ff78b73108d\n\t0x7ff78b707be2\n\t0x7ff78b7bd386\n\t0x7ff78b7d9772\n\t0x7ff78b77cc28\n\t0x7ff78b77db33\n\t0x7ff78bc6e9f0\n\t0x7ff78bc68ded\n\t0x7ff78bc8969a\n\t0x7ff78b9a11e5\n\t0x7ff78b9a99cc\n\t0x7ff78b98ebf4\n\t0x7ff78b98eda6\n\t0x7ff78b974e87\n\t0x7ff91f1fe8d7\n\t0x7ff92006c53c", "trace": "cls = <class 'Test.15_Journals_Test.Login'>\n\n    @classmethod\n    def setUpClass(cls):\n        # --- Chrome Options Setup ---\n        chrome_options = Options()\n        # 1 = Allow, 2 = Block\n        prefs = {\"profile.default_content_setting_values.notifications\": 1}\n        chrome_options.add_experimental_option(\"prefs\", prefs)\n        chrome_options.add_argument(\"--start-maximized\")\n    \n        cls.driver = webdriver.Chrome(options=chrome_options)\n        cls.driver.implicitly_wait(3)\n    \n>       cls.login()\n\nTest\\15_Journals_Test.py:24: \n_ _ _ _ _ _ _ _ _ _ _ _ _ _ _ _ _ _ _ _ _ _ _ _ _ _ _ _ _ _ _ _ _ _ _ _ _ _ _ _ _ _ _ _ _ _ _ _ _ _ _ _ _ _ _ _ _ _ _ _ _ _ _ _ _ _ _ _ _ _ _ _ _ _ _ _ _ _ _ _ _ _ _ _ _ _ _ _ _ _ _ _ _ _ _ _ _ _ _ _ _ _ _ _ _ _ _ _ _ _ _ _ _ _\nTest\\15_Journals_Test.py:42: in login\n    loginpage.enter_username(config.get_value(\"DEFAULT\", \"USERNAME\"))\nPages\\LoginPage.py:25: in enter_username\n    WebDriverWait(self.driver, 30).until(\n.venv\\Lib\\site-packages\\selenium\\webdriver\\support\\wait.py:129: in until\n    value = method(self._driver)\n.venv\\Lib\\site-packages\\selenium\\webdriver\\support\\expected_conditions.py:104: in _predicate\n    return driver.find_element(*locator)\n.venv\\Lib\\site-packages\\selenium\\webdriver\\remote\\webdriver.py:914: in find_element\n    return self.execute(Command.FIND_ELEMENT, {\"using\": by, \"value\": value})[\"value\"]\n.venv\\Lib\\site-packages\\selenium\\webdriver\\remote\\webdriver.py:447: in execute\n    self.error_handler.check_response(response)\n_ _ _ _ _ _ _ _ _ _ _ _ _ _ _ _ _ _ _ _ _ _ _ _ _ _ _ _ _ _ _ _ _ _ _ _ _ _ _ _ _ _ _ _ _ _ _ _ _ _ _ _ _ _ _ _ _ _ _ _ _ _ _ _ _ _ _ _ _ _ _ _ _ _ _ _ _ _ _ _ _ _ _ _ _ _ _ _ _ _ _ _ _ _ _ _ _ _ _ _ _ _ _ _ _ _ _ _ _ _ _ _ _ _\n\nself = <selenium.webdriver.remote.errorhandler.ErrorHandler object at 0x0000015D0C53DC70>\nresponse = {'status': 404, 'value': '{\"value\":{\"error\":\"no such window\",\"message\":\"no such window: target window already closed\\\\...ff78b9a99cc\\\\n\\\\t0x7ff78b98ebf4\\\\n\\\\t0x7ff78b98eda6\\\\n\\\\t0x7ff78b974e87\\\\n\\\\t0x7ff91f1fe8d7\\\\n\\\\t0x7ff92006c53c\\\\n\"}}'}\n\n    def check_response(self, response: Dict[str, Any]) -> None:\n        \"\"\"Checks that a JSON response from the WebDriver does not have an\n        error.\n    \n        :Args:\n         - response - The JSON response from the WebDriver server as a dictionary\n           object.\n    \n        :Raises: If the response contains an error message.\n        \"\"\"\n        status = response.get(\"status\", None)\n        if not status or status == ErrorCode.SUCCESS:\n            return\n        value = None\n        message = response.get(\"message\", \"\")\n        screen: str = response.get(\"screen\", \"\")\n        stacktrace = None\n        if isinstance(status, int):\n            value_json = response.get(\"value\", None)\n            if value_json and isinstance(value_json, str):\n                import json\n    \n                try:\n                    value = json.loads(value_json)\n                    if len(value) == 1:\n                        value = value[\"value\"]\n                    status = value.get(\"error\", None)\n                    if not status:\n                        status = value.get(\"status\", ErrorCode.UNKNOWN_ERROR)\n                        message = value.get(\"value\") or value.get(\"message\")\n                        if not isinstance(message, str):\n                            value = message\n                            message = message.get(\"message\")\n                    else:\n                        message = value.get(\"message\", None)\n                except ValueError:\n                    pass\n    \n        exception_class: Type[WebDriverException]\n        e = ErrorCode()\n        error_codes = [item for item in dir(e) if not item.startswith(\"__\")]\n        for error_code in error_codes:\n            error_info = getattr(ErrorCode, error_code)\n            if isinstance(error_info, list) and status in error_info:\n                exception_class = getattr(ExceptionMapping, error_code, WebDriverException)\n                break\n        else:\n            exception_class = WebDriverException\n    \n        if not value:\n            value = response[\"value\"]\n        if isinstance(value, str):\n            raise exception_class(value)\n        if message == \"\" and \"message\" in value:\n            message = value[\"message\"]\n    \n        screen = None  # type: ignore[assignment]\n        if \"screen\" in value:\n            screen = value[\"screen\"]\n    \n        stacktrace = None\n        st_value = value.get(\"stackTrace\") or value.get(\"stacktrace\")\n        if st_value:\n            if isinstance(st_value, str):\n                stacktrace = st_value.split(\"\\n\")\n            else:\n                stacktrace = []\n                try:\n                    for frame in st_value:\n                        line = frame.get(\"lineNumber\", \"\")\n                        file = frame.get(\"fileName\", \"<anonymous>\")\n                        if line:\n                            file = f\"{file}:{line}\"\n                        meth = frame.get(\"methodName\", \"<anonymous>\")\n                        if \"className\" in frame:\n                            meth = f\"{frame['className']}.{meth}\"\n                        msg = \"    at %s (%s)\"\n                        msg = msg % (meth, file)\n                        stacktrace.append(msg)\n                except TypeError:\n                    pass\n        if exception_class == UnexpectedAlertPresentException:\n            alert_text = None\n            if \"data\" in value:\n                alert_text = value[\"data\"].get(\"text\")\n            elif \"alert\" in value:\n                alert_text = value[\"alert\"].get(\"text\")\n            raise exception_class(message, screen, stacktrace, alert_text)  # type: ignore[call-arg]  # mypy is not smart enough here\n>       raise exception_class(message, screen, stacktrace)\nE       selenium.common.exceptions.NoSuchWindowException: Message: no such window: target window already closed\nE       from unknown error: web view not found\nE         (Session info: chrome=144.0.7559.96)\nE       Stacktrace:\nE       Symbols not available. Dumping unresolved backtrace:\nE       \t0x7ff78b985715\nE       \t0x7ff78b985770\nE       \t0x7ff78b73108d\nE       \t0x7ff78b707be2\nE       \t0x7ff78b7bd386\nE       \t0x7ff78b7d9772\nE       \t0x7ff78b77cc28\nE       \t0x7ff78b77db33\nE       \t0x7ff78bc6e9f0\nE       \t0x7ff78bc68ded\nE       \t0x7ff78bc8969a\nE       \t0x7ff78b9a11e5\nE       \t0x7ff78b9a99cc\nE       \t0x7ff78b98ebf4\nE       \t0x7ff78b98eda6\nE       \t0x7ff78b974e87\nE       \t0x7ff91f1fe8d7\nE       \t0x7ff92006c53c\n\n.venv\\Lib\\site-packages\\selenium\\webdriver\\remote\\errorhandler.py:232: NoSuchWindowException"}, "start": 1769166755611, "stop": 1769166755611, "uuid": "0eca5e39-371f-4285-8cb6-fa537a3ceb2a", "historyId": "1b018e40fe12b1f9a449cbcffe9b137c", "testCaseId": "1b018e40fe12b1f9a449cbcffe9b137c", "fullName": "Test.15_Journals_Test.Login#test_21_Expense_claims", "labels": [{"name": "tag", "value": "description('Go to Select Admin panel >> click Home >> click bookkeeping >> go for Client >> Journals')"}, {"name": "tag", "value": "navigation('Login >> Admin Dashboard >> Bookkeeping >> Client ')"}, {"name": "parentSuite", "value": "Test"}, {"name": "suite", "value": "15_Journals_Test"}, {"name": "subSuite", "value": "Login"}, {"name": "host", "value": "CT-IT-PC-0095"}, {"name": "thread", "value": "12688-MainThread"}, {"name": "framework", "value": "pytest"}, {"name": "language", "value": "cpython3"}, {"name": "package", "value": "Test.15_Journals_Test"}]}