{"name": "test_05_Add_New_Invoice", "status": "broken", "statusDetails": {"message": "selenium.common.exceptions.TimeoutException: Message: \nStacktrace:\nSymbols not available. Dumping unresolved backtrace:\n\t0x7ff68a5ea545\n\t0x7ff68a5ea5a0\n\t0x7ff68a390fed\n\t0x7ff68a3ec6d2\n\t0x7ff68a3ec9dc\n\t0x7ff68a43d5b7\n\t0x7ff68a43a10c\n\t0x7ff68a3dcedc\n\t0x7ff68a3dde23\n\t0x7ff68a8c8bb0\n\t0x7ff68a8c2fbd\n\t0x7ff68a8e420a\n\t0x7ff68a606e15\n\t0x7ff68a60f4dc\n\t0x7ff68a5f3e54\n\t0x7ff68a5f4006\n\t0x7ff68a5d9e27\n\t0x7ff91f1fe8d7\n\t0x7ff92006c53c", "trace": "self = <Test.2_ClientSell_Test.Login testMethod=test_05_Add_New_Invoice>\n\n    @pytest.mark.description(f\"Go to Select Admin panel >> click Home >> click bookkeeping >> go for Client >> click on sell >> invoice\")\n    \n    def test_05_Add_New_Invoice(self):\n    \n        client_section = ClientSell(driver=self.driver)\n    \n        client_section.Add_Invoice()\n        time.sleep(.2)\n        client_section.Select_Customer_Keyboard()\n        time.sleep(.2)\n    \n        client_section.Select_item_sale()\n        time.sleep(.5)\n    \n>       client_section.Click_Save()\n\nTest\\2_ClientSell_Test.py:92: \n_ _ _ _ _ _ _ _ _ _ _ _ _ _ _ _ _ _ _ _ _ _ _ _ _ _ _ _ _ _ _ _ _ _ _ _ _ _ _ _ _ _ _ _ _ _ _ _ _ _ _ _ _ _ _ _ _ _ _ _ _ _ _ _ _ _ _ _ _ _ _ _ _ _ _ _ _ _ _ _ _ _ _ _ _ _ _ _ _ _ _ _ _ _ _ _ _ _ _ _ _ _ _ _ _ _ _ _ _ _ _ _ _ _\nPages\\Client_SellPage.py:242: in Click_Save\n    update_message = WebDriverWait(self.driver, 10).until(\n_ _ _ _ _ _ _ _ _ _ _ _ _ _ _ _ _ _ _ _ _ _ _ _ _ _ _ _ _ _ _ _ _ _ _ _ _ _ _ _ _ _ _ _ _ _ _ _ _ _ _ _ _ _ _ _ _ _ _ _ _ _ _ _ _ _ _ _ _ _ _ _ _ _ _ _ _ _ _ _ _ _ _ _ _ _ _ _ _ _ _ _ _ _ _ _ _ _ _ _ _ _ _ _ _ _ _ _ _ _ _ _ _ _\n\nself = <selenium.webdriver.support.wait.WebDriverWait (session=\"6d11d597332ed189e6deff5c5d8974d5\")>, method = <function visibility_of_element_located.<locals>._predicate at 0x0000017DBE591E40>, message = ''\n\n    def until(self, method: Callable[[D], Union[Literal[False], T]], message: str = \"\") -> T:\n        \"\"\"Wait until the method returns a value that is not False.\n    \n        Calls the method provided with the driver as an argument until the\n        return value does not evaluate to ``False``.\n    \n        Parameters:\n        -----------\n        method: callable(WebDriver)\n            - A callable object that takes a WebDriver instance as an argument.\n    \n        message: str\n            - Optional message for :exc:`TimeoutException`\n    \n        Return:\n        -------\n        object: T\n            - The result of the last call to `method`\n    \n        Raises:\n        -------\n        TimeoutException\n            - If 'method' does not return a truthy value within the WebDriverWait\n            object's timeout\n    \n        Example:\n        --------\n        >>> from selenium.webdriver.common.by import By\n        >>> from selenium.webdriver.support.ui import WebDriverWait\n        >>> from selenium.webdriver.support import expected_conditions as EC\n    \n        # Wait until an element is visible on the page\n        >>> wait = WebDriverWait(driver, 10)\n        >>> element = wait.until(EC.visibility_of_element_located((By.ID, \"exampleId\")))\n        >>> print(element.text)\n        \"\"\"\n        screen = None\n        stacktrace = None\n    \n        end_time = time.monotonic() + self._timeout\n        while True:\n            try:\n                value = method(self._driver)\n                if value:\n                    return value\n            except self._ignored_exceptions as exc:\n                screen = getattr(exc, \"screen\", None)\n                stacktrace = getattr(exc, \"stacktrace\", None)\n            if time.monotonic() > end_time:\n                break\n            time.sleep(self._poll)\n>       raise TimeoutException(message, screen, stacktrace)\nE       selenium.common.exceptions.TimeoutException: Message: \nE       Stacktrace:\nE       Symbols not available. Dumping unresolved backtrace:\nE       \t0x7ff68a5ea545\nE       \t0x7ff68a5ea5a0\nE       \t0x7ff68a390fed\nE       \t0x7ff68a3ec6d2\nE       \t0x7ff68a3ec9dc\nE       \t0x7ff68a43d5b7\nE       \t0x7ff68a43a10c\nE       \t0x7ff68a3dcedc\nE       \t0x7ff68a3dde23\nE       \t0x7ff68a8c8bb0\nE       \t0x7ff68a8c2fbd\nE       \t0x7ff68a8e420a\nE       \t0x7ff68a606e15\nE       \t0x7ff68a60f4dc\nE       \t0x7ff68a5f3e54\nE       \t0x7ff68a5f4006\nE       \t0x7ff68a5d9e27\nE       \t0x7ff91f1fe8d7\nE       \t0x7ff92006c53c\n\n.venv\\Lib\\site-packages\\selenium\\webdriver\\support\\wait.py:138: TimeoutException"}, "attachments": [{"name": "stdout", "source": "56f274d6-6aff-4d09-b2d9-99bc7b9fa271-attachment.txt", "type": "text/plain"}], "start": 1768802018498, "stop": 1768802036256, "uuid": "cc3f8c08-024a-499c-afff-4640c1b9706d", "historyId": "ee6c9ec876a8d49f0f343148f14b4e53", "testCaseId": "ee6c9ec876a8d49f0f343148f14b4e53", "fullName": "Test.2_ClientSell_Test.Login#test_05_Add_New_Invoice", "labels": [{"name": "tag", "value": "description('Go to Select Admin panel >> click Home >> click bookkeeping >> go for Client >> click on sell >> invoice')"}, {"name": "parentSuite", "value": "Test"}, {"name": "suite", "value": "2_ClientSell_Test"}, {"name": "subSuite", "value": "Login"}, {"name": "host", "value": "CT-IT-PC-0095"}, {"name": "thread", "value": "10912-MainThread"}, {"name": "framework", "value": "pytest"}, {"name": "language", "value": "cpython3"}, {"name": "package", "value": "Test.2_ClientSell_Test"}]}