{"name": "test_04_Go_Client_Sell", "status": "broken", "statusDetails": {"message": "selenium.common.exceptions.TimeoutException: Message: \nStacktrace:\nSymbols not available. Dumping unresolved backtrace:\n\t0x7ff72a5ea235\n\t0x7ff72a342630\n\t0x7ff72a0d16dd\n\t0x7ff72a12a27e\n\t0x7ff72a12a58c\n\t0x7ff72a17ed77\n\t0x7ff72a17baba\n\t0x7ff72a11b0ed\n\t0x7ff72a11bf63\n\t0x7ff72a615d60\n\t0x7ff72a60fe8a\n\t0x7ff72a631005\n\t0x7ff72a35d71e\n\t0x7ff72a364e1f\n\t0x7ff72a34b7c4\n\t0x7ff72a34b97f\n\t0x7ff72a3318e8\n\t0x7ffc535ee8d7\n\t0x7ffc5500c53c", "trace": "self = <Test.3_Credit_Notes_Test.Login testMethod=test_04_Go_Client_Sell>\n\n    @pytest.mark.navigation(\"Login >> Admin Dashboard >> Bookkeeping >> Client \")\n    @pytest.mark.description(f\"Go to Select Admin panel >> click Home >> click bookkeeping >> go for Client >> click on sell>> credit_notes_section\")\n    \n    def test_04_Go_Client_Sell(self):\n        credit_notes_section = Credit_Notes(driver=self.driver)\n        time.sleep(.2)\n        credit_notes_section.Select_Business()\n        time.sleep(5)\n        credit_notes_section.Click_Input()\n        time.sleep(.2)\n        credit_notes_section.Click_Sales()\n        time.sleep(.2)\n        credit_notes_section.Click_Credit_Notes()\n        time.sleep(.2)\n        credit_notes_section.Add_Credit_Note()\n        time.sleep(.2)\n        credit_notes_section.Select_Customer_for_Credit_Note()\n        time.sleep(.2)\n        credit_notes_section.Invoice_ref()\n        time.sleep(.2)\n        credit_notes_section.Save_Credit_Notes()\n        time.sleep(.2)\n        # credit_notes_section.Paid_From()\n        # time.sleep(.2)\n        # credit_notes_section.Save_Credit_Notes()\n        # time.sleep(.2)\n        # credit_notes_section.Paid_From()\n        # time.sleep(.2)\n>       credit_notes_section.Click_Save_Button()\n\nTest\\3_Credit_Notes_Test.py:90: \n_ _ _ _ _ _ _ _ _ _ _ _ _ _ _ _ _ _ _ _ _ _ _ _ _ _ _ _ _ _ _ _ _ _ _ _ _ _ _ _ _ _ _ _ _ _ _ _ _ _ _ _ _ _ _ _ _ _ _ _ _ _ _ _ _ _ _ _ _ _ _ _ _ _ _ _ _ _ _ _ _ _ _ _ _ _ _ _ _ _ _ _ _ _ _ _ _ _ _ _ _ _ _ _ _ _ _ _ _ _ _ _ _ _\nPages\\Credit_NotesPage.py:209: in Click_Save_Button\n    save_btn = wait.until(EC.element_to_be_clickable((\n_ _ _ _ _ _ _ _ _ _ _ _ _ _ _ _ _ _ _ _ _ _ _ _ _ _ _ _ _ _ _ _ _ _ _ _ _ _ _ _ _ _ _ _ _ _ _ _ _ _ _ _ _ _ _ _ _ _ _ _ _ _ _ _ _ _ _ _ _ _ _ _ _ _ _ _ _ _ _ _ _ _ _ _ _ _ _ _ _ _ _ _ _ _ _ _ _ _ _ _ _ _ _ _ _ _ _ _ _ _ _ _ _ _\n\nself = <selenium.webdriver.support.wait.WebDriverWait (session=\"6db0f649ab8abc45239205314d7c990c\")>, method = <function element_to_be_clickable.<locals>._predicate at 0x000002399BEA5BC0>, message = ''\n\n    def until(self, method: Callable[[D], Union[Literal[False], T]], message: str = \"\") -> T:\n        \"\"\"Wait until the method returns a value that is not False.\n    \n        Calls the method provided with the driver as an argument until the\n        return value does not evaluate to ``False``.\n    \n        Parameters:\n        -----------\n        method: callable(WebDriver)\n            - A callable object that takes a WebDriver instance as an argument.\n    \n        message: str\n            - Optional message for :exc:`TimeoutException`\n    \n        Return:\n        -------\n        object: T\n            - The result of the last call to `method`\n    \n        Raises:\n        -------\n        TimeoutException\n            - If 'method' does not return a truthy value within the WebDriverWait\n            object's timeout\n    \n        Example:\n        --------\n        >>> from selenium.webdriver.common.by import By\n        >>> from selenium.webdriver.support.ui import WebDriverWait\n        >>> from selenium.webdriver.support import expected_conditions as EC\n    \n        # Wait until an element is visible on the page\n        >>> wait = WebDriverWait(driver, 10)\n        >>> element = wait.until(EC.visibility_of_element_located((By.ID, \"exampleId\")))\n        >>> print(element.text)\n        \"\"\"\n        screen = None\n        stacktrace = None\n    \n        end_time = time.monotonic() + self._timeout\n        while True:\n            try:\n                value = method(self._driver)\n                if value:\n                    return value\n            except self._ignored_exceptions as exc:\n                screen = getattr(exc, \"screen\", None)\n                stacktrace = getattr(exc, \"stacktrace\", None)\n            if time.monotonic() > end_time:\n                break\n            time.sleep(self._poll)\n>       raise TimeoutException(message, screen, stacktrace)\nE       selenium.common.exceptions.TimeoutException: Message: \nE       Stacktrace:\nE       Symbols not available. Dumping unresolved backtrace:\nE       \t0x7ff72a5ea235\nE       \t0x7ff72a342630\nE       \t0x7ff72a0d16dd\nE       \t0x7ff72a12a27e\nE       \t0x7ff72a12a58c\nE       \t0x7ff72a17ed77\nE       \t0x7ff72a17baba\nE       \t0x7ff72a11b0ed\nE       \t0x7ff72a11bf63\nE       \t0x7ff72a615d60\nE       \t0x7ff72a60fe8a\nE       \t0x7ff72a631005\nE       \t0x7ff72a35d71e\nE       \t0x7ff72a364e1f\nE       \t0x7ff72a34b7c4\nE       \t0x7ff72a34b97f\nE       \t0x7ff72a3318e8\nE       \t0x7ffc535ee8d7\nE       \t0x7ffc5500c53c\n\n.venv\\Lib\\site-packages\\selenium\\webdriver\\support\\wait.py:138: TimeoutException"}, "attachments": [{"name": "stdout", "source": "4a4608be-f51c-41ca-8846-64eb6652d2bb-attachment.txt", "type": "text/plain"}], "start": 1764575838684, "stop": 1764575892662, "uuid": "4a6e7322-e9ca-4679-a63d-08c1898be3b3", "historyId": "d3ba9439bdee2357188d2da3042dfc05", "testCaseId": "d3ba9439bdee2357188d2da3042dfc05", "fullName": "Test.3_Credit_Notes_Test.Login#test_04_Go_Client_Sell", "labels": [{"name": "parentSuite", "value": "Test"}, {"name": "suite", "value": "3_Credit_Notes_Test"}, {"name": "subSuite", "value": "Login"}, {"name": "host", "value": "CT-IT-PC-0095"}, {"name": "thread", "value": "16228-MainThread"}, {"name": "framework", "value": "pytest"}, {"name": "language", "value": "cpython3"}, {"name": "package", "value": "Test.3_Credit_Notes_Test"}], "titlePath": ["Test", "3_Credit_Notes_Test.py", "Login"]}