{"name": "test_11_Go_Purchase_CreditNote", "status": "broken", "statusDetails": {"message": "selenium.common.exceptions.TimeoutException: Message: \nStacktrace:\nSymbols not available. Dumping unresolved backtrace:\n\t0x7ff72a5ea235\n\t0x7ff72a342630\n\t0x7ff72a0d16dd\n\t0x7ff72a12a27e\n\t0x7ff72a12a58c\n\t0x7ff72a17ed77\n\t0x7ff72a17baba\n\t0x7ff72a11b0ed\n\t0x7ff72a11bf63\n\t0x7ff72a615d60\n\t0x7ff72a60fe8a\n\t0x7ff72a631005\n\t0x7ff72a35d71e\n\t0x7ff72a364e1f\n\t0x7ff72a34b7c4\n\t0x7ff72a34b97f\n\t0x7ff72a3318e8\n\t0x7ffc535ee8d7\n\t0x7ffc5500c53c", "trace": "self = <Test.7_Purchase_Test.Login testMethod=test_11_Go_Purchase_CreditNote>\n\n    def test_11_Go_Purchase_CreditNote(self):\n        client_section = ClientPurchase(driver=self.driver)\n        time.sleep(.2)\n    \n    \n        # client_section.Select_Business()\n        # time.sleep(3)\n        # client_section.Click_Input()\n        # time.sleep(.2)\n        # client_section.Click_Purchases()\n    \n    \n        time.sleep(.5)\n        time.sleep(.2)\n        client_section.Click_Credit_Notes()\n        time.sleep(.5)\n        client_section.Add_Credit_Note()\n        time.sleep(.3)\n        client_section.Select_Suppiler_for_Credit_Note()\n        time.sleep(.3)\n        client_section.Invoice_ref()\n        time.sleep(.2)\n        client_section.Save_Credit_Notes()\n        time.sleep(.2)\n>       client_section.Click_Save_Button()\n\nTest\\7_Purchase_Test.py:118: \n_ _ _ _ _ _ _ _ _ _ _ _ _ _ _ _ _ _ _ _ _ _ _ _ _ _ _ _ _ _ _ _ _ _ _ _ _ _ _ _ _ _ _ _ _ _ _ _ _ _ _ _ _ _ _ _ _ _ _ _ _ _ _ _ _ _ _ _ _ _ _ _ _ _ _ _ _ _ _ _ _ _ _ _ _ _ _ _ _ _ _ _ _ _ _ _ _ _ _ _ _ _ _ _ _ _ _ _ _ _ _ _ _ _\nPages\\PurchasePage.py:387: in Click_Save_Button\n    save_btn = wait.until(EC.element_to_be_clickable((\n_ _ _ _ _ _ _ _ _ _ _ _ _ _ _ _ _ _ _ _ _ _ _ _ _ _ _ _ _ _ _ _ _ _ _ _ _ _ _ _ _ _ _ _ _ _ _ _ _ _ _ _ _ _ _ _ _ _ _ _ _ _ _ _ _ _ _ _ _ _ _ _ _ _ _ _ _ _ _ _ _ _ _ _ _ _ _ _ _ _ _ _ _ _ _ _ _ _ _ _ _ _ _ _ _ _ _ _ _ _ _ _ _ _\n\nself = <selenium.webdriver.support.wait.WebDriverWait (session=\"8602467f142e596f07505ed4631b7f48\")>, method = <function element_to_be_clickable.<locals>._predicate at 0x000002399BF234C0>, message = ''\n\n    def until(self, method: Callable[[D], Union[Literal[False], T]], message: str = \"\") -> T:\n        \"\"\"Wait until the method returns a value that is not False.\n    \n        Calls the method provided with the driver as an argument until the\n        return value does not evaluate to ``False``.\n    \n        Parameters:\n        -----------\n        method: callable(WebDriver)\n            - A callable object that takes a WebDriver instance as an argument.\n    \n        message: str\n            - Optional message for :exc:`TimeoutException`\n    \n        Return:\n        -------\n        object: T\n            - The result of the last call to `method`\n    \n        Raises:\n        -------\n        TimeoutException\n            - If 'method' does not return a truthy value within the WebDriverWait\n            object's timeout\n    \n        Example:\n        --------\n        >>> from selenium.webdriver.common.by import By\n        >>> from selenium.webdriver.support.ui import WebDriverWait\n        >>> from selenium.webdriver.support import expected_conditions as EC\n    \n        # Wait until an element is visible on the page\n        >>> wait = WebDriverWait(driver, 10)\n        >>> element = wait.until(EC.visibility_of_element_located((By.ID, \"exampleId\")))\n        >>> print(element.text)\n        \"\"\"\n        screen = None\n        stacktrace = None\n    \n        end_time = time.monotonic() + self._timeout\n        while True:\n            try:\n                value = method(self._driver)\n                if value:\n                    return value\n            except self._ignored_exceptions as exc:\n                screen = getattr(exc, \"screen\", None)\n                stacktrace = getattr(exc, \"stacktrace\", None)\n            if time.monotonic() > end_time:\n                break\n            time.sleep(self._poll)\n>       raise TimeoutException(message, screen, stacktrace)\nE       selenium.common.exceptions.TimeoutException: Message: \nE       Stacktrace:\nE       Symbols not available. Dumping unresolved backtrace:\nE       \t0x7ff72a5ea235\nE       \t0x7ff72a342630\nE       \t0x7ff72a0d16dd\nE       \t0x7ff72a12a27e\nE       \t0x7ff72a12a58c\nE       \t0x7ff72a17ed77\nE       \t0x7ff72a17baba\nE       \t0x7ff72a11b0ed\nE       \t0x7ff72a11bf63\nE       \t0x7ff72a615d60\nE       \t0x7ff72a60fe8a\nE       \t0x7ff72a631005\nE       \t0x7ff72a35d71e\nE       \t0x7ff72a364e1f\nE       \t0x7ff72a34b7c4\nE       \t0x7ff72a34b97f\nE       \t0x7ff72a3318e8\nE       \t0x7ffc535ee8d7\nE       \t0x7ffc5500c53c\n\n.venv\\Lib\\site-packages\\selenium\\webdriver\\support\\wait.py:138: TimeoutException"}, "attachments": [{"name": "stdout", "source": "5c3bfa1f-4a75-4dda-8767-ff90f92f22ff-attachment.txt", "type": "text/plain"}], "start": 1764576259486, "stop": 1764576348895, "uuid": "8ec947ce-55ae-49b7-97d3-9ff217c948de", "historyId": "0309351db185141053955c23483f37b6", "testCaseId": "0309351db185141053955c23483f37b6", "fullName": "Test.7_Purchase_Test.Login#test_11_Go_Purchase_CreditNote", "labels": [{"name": "parentSuite", "value": "Test"}, {"name": "suite", "value": "7_Purchase_Test"}, {"name": "subSuite", "value": "Login"}, {"name": "host", "value": "CT-IT-PC-0095"}, {"name": "thread", "value": "16228-MainThread"}, {"name": "framework", "value": "pytest"}, {"name": "language", "value": "cpython3"}, {"name": "package", "value": "Test.7_Purchase_Test"}], "titlePath": ["Test", "7_Purchase_Test.py", "Login"]}