{"name": "test_05_Add_New_Invoice", "status": "broken", "statusDetails": {"message": "selenium.common.exceptions.TimeoutException: Message: \nStacktrace:\nSymbols not available. Dumping unresolved backtrace:\n\t0x7ff7e74da235\n\t0x7ff7e7232630\n\t0x7ff7e6fc16dd\n\t0x7ff7e701a27e\n\t0x7ff7e701a58c\n\t0x7ff7e706ed77\n\t0x7ff7e706baba\n\t0x7ff7e700b0ed\n\t0x7ff7e700bf63\n\t0x7ff7e7505d60\n\t0x7ff7e74ffe8a\n\t0x7ff7e7521005\n\t0x7ff7e724d71e\n\t0x7ff7e7254e1f\n\t0x7ff7e723b7c4\n\t0x7ff7e723b97f\n\t0x7ff7e72218e8\n\t0x7ff831c8e8d7\n\t0x7ff832bac53c", "trace": "self = <Test.2_ClientSell_Test.Login testMethod=test_05_Add_New_Invoice>\n\n    @pytest.mark.description(f\"Go to Select Admin panel >> click Home >> click bookkeeping >> go for Client >> click on sell >> invoice\")\n    \n    def test_05_Add_New_Invoice(self):\n        client_section = ClientSell(driver=self.driver)\n        client_section.Add_Invoice()\n        time.sleep(.2)\n        client_section.Select_Customer()\n        time.sleep(.2)\n    \n>       client_section.Select_item_sale()\n\nTest\\2_ClientSell_Test.py:86: \n_ _ _ _ _ _ _ _ _ _ _ _ _ _ _ _ _ _ _ _ _ _ _ _ _ _ _ _ _ _ _ _ _ _ _ _ _ _ _ _ _ _ _ _ _ _ _ _ _ _ _ _ _ _ _ _ _ _ _ _ _ _ _ _ _ _ _ _ _ _ _ _ _ _ _ _ _ _ _ _ _ _ _ _ _ _ _ _ _ _ _ _ _ _ _ _ _ _ _ _ _ _ _ _ _ _ _ _ _ _ _ _ _ _\nPages\\Client_SellPage.py:133: in Select_item_sale\n    container_el = w.until(\n_ _ _ _ _ _ _ _ _ _ _ _ _ _ _ _ _ _ _ _ _ _ _ _ _ _ _ _ _ _ _ _ _ _ _ _ _ _ _ _ _ _ _ _ _ _ _ _ _ _ _ _ _ _ _ _ _ _ _ _ _ _ _ _ _ _ _ _ _ _ _ _ _ _ _ _ _ _ _ _ _ _ _ _ _ _ _ _ _ _ _ _ _ _ _ _ _ _ _ _ _ _ _ _ _ _ _ _ _ _ _ _ _ _\n\nself = <selenium.webdriver.support.wait.WebDriverWait (session=\"6ac4189aae9677421d31711335206a8d\")>, method = <function visibility_of_element_located.<locals>._predicate at 0x000001EB3FC1B2E0>, message = ''\n\n    def until(self, method: Callable[[D], Union[Literal[False], T]], message: str = \"\") -> T:\n        \"\"\"Wait until the method returns a value that is not False.\n    \n        Calls the method provided with the driver as an argument until the\n        return value does not evaluate to ``False``.\n    \n        Parameters:\n        -----------\n        method: callable(WebDriver)\n            - A callable object that takes a WebDriver instance as an argument.\n    \n        message: str\n            - Optional message for :exc:`TimeoutException`\n    \n        Return:\n        -------\n        object: T\n            - The result of the last call to `method`\n    \n        Raises:\n        -------\n        TimeoutException\n            - If 'method' does not return a truthy value within the WebDriverWait\n            object's timeout\n    \n        Example:\n        --------\n        >>> from selenium.webdriver.common.by import By\n        >>> from selenium.webdriver.support.ui import WebDriverWait\n        >>> from selenium.webdriver.support import expected_conditions as EC\n    \n        # Wait until an element is visible on the page\n        >>> wait = WebDriverWait(driver, 10)\n        >>> element = wait.until(EC.visibility_of_element_located((By.ID, \"exampleId\")))\n        >>> print(element.text)\n        \"\"\"\n        screen = None\n        stacktrace = None\n    \n        end_time = time.monotonic() + self._timeout\n        while True:\n            try:\n                value = method(self._driver)\n                if value:\n                    return value\n            except self._ignored_exceptions as exc:\n                screen = getattr(exc, \"screen\", None)\n                stacktrace = getattr(exc, \"stacktrace\", None)\n            if time.monotonic() > end_time:\n                break\n            time.sleep(self._poll)\n>       raise TimeoutException(message, screen, stacktrace)\nE       selenium.common.exceptions.TimeoutException: Message: \nE       Stacktrace:\nE       Symbols not available. Dumping unresolved backtrace:\nE       \t0x7ff7e74da235\nE       \t0x7ff7e7232630\nE       \t0x7ff7e6fc16dd\nE       \t0x7ff7e701a27e\nE       \t0x7ff7e701a58c\nE       \t0x7ff7e706ed77\nE       \t0x7ff7e706baba\nE       \t0x7ff7e700b0ed\nE       \t0x7ff7e700bf63\nE       \t0x7ff7e7505d60\nE       \t0x7ff7e74ffe8a\nE       \t0x7ff7e7521005\nE       \t0x7ff7e724d71e\nE       \t0x7ff7e7254e1f\nE       \t0x7ff7e723b7c4\nE       \t0x7ff7e723b97f\nE       \t0x7ff7e72218e8\nE       \t0x7ff831c8e8d7\nE       \t0x7ff832bac53c\n\n.venv\\Lib\\site-packages\\selenium\\webdriver\\support\\wait.py:138: TimeoutException"}, "attachments": [{"name": "stdout", "source": "80993ba2-b484-4d7f-822b-3df64c521a7c-attachment.txt", "type": "text/plain"}], "start": 1764676586771, "stop": 1764676643122, "uuid": "8e64f245-b538-40af-a1bc-0a63b11826e0", "historyId": "ee6c9ec876a8d49f0f343148f14b4e53", "testCaseId": "ee6c9ec876a8d49f0f343148f14b4e53", "fullName": "Test.2_ClientSell_Test.Login#test_05_Add_New_Invoice", "labels": [{"name": "parentSuite", "value": "Test"}, {"name": "suite", "value": "2_ClientSell_Test"}, {"name": "subSuite", "value": "Login"}, {"name": "host", "value": "CT-IT-PC-0095"}, {"name": "thread", "value": "24212-MainThread"}, {"name": "framework", "value": "pytest"}, {"name": "language", "value": "cpython3"}, {"name": "package", "value": "Test.2_ClientSell_Test"}], "titlePath": ["Test", "2_ClientSell_Test.py", "Login"]}