{"name": "test_10_Go_Client_Purchase", "status": "failed", "statusDetails": {"message": "AssertionError: Expected 'Invoice created successfully' toast but did not see it.", "trace": "self = <Pages.PurchasePage.ClientPurchase object at 0x000001EB3F076A50>\n\n    def Save_Services(self):\n        wait = WebDriverWait(self.driver, 20)\n    \n        try:\n    \n            wait.until(EC.invisibility_of_element_located((By.CSS_SELECTOR, \".ant-spin-spinning\")))\n        except:\n            pass\n    \n        save_button = wait.until(\n            EC.element_to_be_clickable((By.XPATH, \"//span[normalize-space()='Save']/ancestor::button\"))\n        )\n    \n        self.driver.execute_script(\"arguments[0].scrollIntoView({block: 'center'});\", save_button)\n        time.sleep(0.4)\n        save_button.click()\n        time.sleep(0.4)\n        print(\"Invoice created successfully\")\n        try:\n>           update_message = WebDriverWait(self.driver, 10).until(\n                EC.visibility_of_element_located(\n                    (By.XPATH, \"//*[contains(text(),'Invoice created successfully')]\")\n                )\n            )\n\nPages\\PurchasePage.py:237: \n_ _ _ _ _ _ _ _ _ _ _ _ _ _ _ _ _ _ _ _ _ _ _ _ _ _ _ _ _ _ _ _ _ _ _ _ _ _ _ _ _ _ _ _ _ _ _ _ _ _ _ _ _ _ _ _ _ _ _ _ _ _ _ _ _ _ _ _ _ _ _ _ _ _ _ _ _ _ _ _ _ _ _ _ _ _ _ _ _ _ _ _ _ _ _ _ _ _ _ _ _ _ _ _ _ _ _ _ _ _ _ _ _ _\n\nself = <selenium.webdriver.support.wait.WebDriverWait (session=\"65ab175900bd895ccd375d5aab18db1d\")>, method = <function visibility_of_element_located.<locals>._predicate at 0x000001EB3FCB7560>, message = ''\n\n    def until(self, method: Callable[[D], Union[Literal[False], T]], message: str = \"\") -> T:\n        \"\"\"Wait until the method returns a value that is not False.\n    \n        Calls the method provided with the driver as an argument until the\n        return value does not evaluate to ``False``.\n    \n        Parameters:\n        -----------\n        method: callable(WebDriver)\n            - A callable object that takes a WebDriver instance as an argument.\n    \n        message: str\n            - Optional message for :exc:`TimeoutException`\n    \n        Return:\n        -------\n        object: T\n            - The result of the last call to `method`\n    \n        Raises:\n        -------\n        TimeoutException\n            - If 'method' does not return a truthy value within the WebDriverWait\n            object's timeout\n    \n        Example:\n        --------\n        >>> from selenium.webdriver.common.by import By\n        >>> from selenium.webdriver.support.ui import WebDriverWait\n        >>> from selenium.webdriver.support import expected_conditions as EC\n    \n        # Wait until an element is visible on the page\n        >>> wait = WebDriverWait(driver, 10)\n        >>> element = wait.until(EC.visibility_of_element_located((By.ID, \"exampleId\")))\n        >>> print(element.text)\n        \"\"\"\n        screen = None\n        stacktrace = None\n    \n        end_time = time.monotonic() + self._timeout\n        while True:\n            try:\n                value = method(self._driver)\n                if value:\n                    return value\n            except self._ignored_exceptions as exc:\n                screen = getattr(exc, \"screen\", None)\n                stacktrace = getattr(exc, \"stacktrace\", None)\n            if time.monotonic() > end_time:\n                break\n            time.sleep(self._poll)\n>       raise TimeoutException(message, screen, stacktrace)\nE       selenium.common.exceptions.TimeoutException: Message: \nE       Stacktrace:\nE       Symbols not available. Dumping unresolved backtrace:\nE       \t0x7ff7e74da235\nE       \t0x7ff7e7232630\nE       \t0x7ff7e6fc16dd\nE       \t0x7ff7e701a27e\nE       \t0x7ff7e701a58c\nE       \t0x7ff7e706ed77\nE       \t0x7ff7e706baba\nE       \t0x7ff7e700b0ed\nE       \t0x7ff7e700bf63\nE       \t0x7ff7e7505d60\nE       \t0x7ff7e74ffe8a\nE       \t0x7ff7e7521005\nE       \t0x7ff7e724d71e\nE       \t0x7ff7e7254e1f\nE       \t0x7ff7e723b7c4\nE       \t0x7ff7e723b97f\nE       \t0x7ff7e72218e8\nE       \t0x7ff831c8e8d7\nE       \t0x7ff832bac53c\n\n.venv\\Lib\\site-packages\\selenium\\webdriver\\support\\wait.py:138: TimeoutException\n\nDuring handling of the above exception, another exception occurred:\n\nself = <Test.7_Purchase_Test.Login testMethod=test_10_Go_Client_Purchase>\n\n    @pytest.mark.navigation(\"Login >> Admin Dashboard >> Bookkeeping >> Client \")\n    @pytest.mark.description(f\"Go to Select Admin panel >> click Home >> click bookkeeping >> go for Client >> click on purchase\")\n    \n    \n    def test_10_Go_Client_Purchase(self):\n        client_section = ClientPurchase(driver=self.driver)\n        time.sleep(.2)\n        client_section.Select_Business()\n        time.sleep(3)\n        client_section.Click_Input()\n        time.sleep(.2)\n    \n    \n        client_section.Click_Purchases()\n        time.sleep(.5)\n        time.sleep(.2)\n    \n    \n        client_section.Add_Invoice()\n        time.sleep(.2)\n        client_section.Select_Customer()\n        time.sleep(.2)\n        client_section.Select_item_purchase()\n        time.sleep(.5)\n        client_section.Enter_amount()\n        time.sleep(2)\n>       client_section.Save_Services()\n\nTest\\7_Purchase_Test.py:90: \n_ _ _ _ _ _ _ _ _ _ _ _ _ _ _ _ _ _ _ _ _ _ _ _ _ _ _ _ _ _ _ _ _ _ _ _ _ _ _ _ _ _ _ _ _ _ _ _ _ _ _ _ _ _ _ _ _ _ _ _ _ _ _ _ _ _ _ _ _ _ _ _ _ _ _ _ _ _ _ _ _ _ _ _ _ _ _ _ _ _ _ _ _ _ _ _ _ _ _ _ _ _ _ _ _ _ _ _ _ _ _ _ _ _\n\nself = <Pages.PurchasePage.ClientPurchase object at 0x000001EB3F076A50>\n\n    def Save_Services(self):\n        wait = WebDriverWait(self.driver, 20)\n    \n        try:\n    \n            wait.until(EC.invisibility_of_element_located((By.CSS_SELECTOR, \".ant-spin-spinning\")))\n        except:\n            pass\n    \n        save_button = wait.until(\n            EC.element_to_be_clickable((By.XPATH, \"//span[normalize-space()='Save']/ancestor::button\"))\n        )\n    \n        self.driver.execute_script(\"arguments[0].scrollIntoView({block: 'center'});\", save_button)\n        time.sleep(0.4)\n        save_button.click()\n        time.sleep(0.4)\n        print(\"Invoice created successfully\")\n        try:\n            update_message = WebDriverWait(self.driver, 10).until(\n                EC.visibility_of_element_located(\n                    (By.XPATH, \"//*[contains(text(),'Invoice created successfully')]\")\n                )\n            )\n        except TimeoutException:\n>           raise AssertionError(\n                \"Expected 'Invoice created successfully' toast but did not see it.\"\n            )\nE           AssertionError: Expected 'Invoice created successfully' toast but did not see it.\n\nPages\\PurchasePage.py:243: AssertionError"}, "attachments": [{"name": "stdout", "source": "da4b1aac-557b-4d5b-9692-d6d4e6a1918f-attachment.txt", "type": "text/plain"}], "start": 1764676910473, "stop": 1764676936566, "uuid": "f3eb76f8-ae07-4965-afcc-c27c3cbd7351", "historyId": "6c8542b355ccb570e825256aa7e8ea93", "testCaseId": "6c8542b355ccb570e825256aa7e8ea93", "fullName": "Test.7_Purchase_Test.Login#test_10_Go_Client_Purchase", "labels": [{"name": "parentSuite", "value": "Test"}, {"name": "suite", "value": "7_Purchase_Test"}, {"name": "subSuite", "value": "Login"}, {"name": "host", "value": "CT-IT-PC-0095"}, {"name": "thread", "value": "24212-MainThread"}, {"name": "framework", "value": "pytest"}, {"name": "language", "value": "cpython3"}, {"name": "package", "value": "Test.7_Purchase_Test"}], "titlePath": ["Test", "7_Purchase_Test.py", "Login"]}