{"name": "test_05_Add_New_Invoice", "status": "broken", "statusDetails": {"message": "selenium.common.exceptions.TimeoutException: Message: \nStacktrace:\nSymbols not available. Dumping unresolved backtrace:\n\t0x7ff7e74da235\n\t0x7ff7e7232630\n\t0x7ff7e6fc16dd\n\t0x7ff7e701a27e\n\t0x7ff7e701a58c\n\t0x7ff7e706ed77\n\t0x7ff7e706baba\n\t0x7ff7e700b0ed\n\t0x7ff7e700bf63\n\t0x7ff7e7505d60\n\t0x7ff7e74ffe8a\n\t0x7ff7e7521005\n\t0x7ff7e724d71e\n\t0x7ff7e7254e1f\n\t0x7ff7e723b7c4\n\t0x7ff7e723b97f\n\t0x7ff7e72218e8\n\t0x7ff831c8e8d7\n\t0x7ff832bac53c", "trace": "self = <Test.2_ClientSell_Test.Login testMethod=test_05_Add_New_Invoice>\n\n    @pytest.mark.description(f\"Go to Select Admin panel >> click Home >> click bookkeeping >> go for Client >> click on sell >> invoice\")\n    \n    def test_05_Add_New_Invoice(self):\n        client_section = ClientSell(driver=self.driver)\n        client_section.Add_Invoice()\n        time.sleep(.2)\n        client_section.Select_Customer()\n        time.sleep(.2)\n    \n        client_section.Select_item_sale()\n        time.sleep(.5)\n    \n        client_section.Click_Save()\n        time.sleep(2)\n>       client_section.Save_Invoice()\n\nTest\\2_ClientSell_Test.py:91: \n_ _ _ _ _ _ _ _ _ _ _ _ _ _ _ _ _ _ _ _ _ _ _ _ _ _ _ _ _ _ _ _ _ _ _ _ _ _ _ _ _ _ _ _ _ _ _ _ _ _ _ _ _ _ _ _ _ _ _ _ _ _ _ _ _ _ _ _ _ _ _ _ _ _ _ _ _ _ _ _ _ _ _ _ _ _ _ _ _ _ _ _ _ _ _ _ _ _ _ _ _ _ _ _ _ _ _ _ _ _ _ _ _ _\nPages\\Client_SellPage.py:185: in Save_Invoice\n    save_btn = w.until(\n_ _ _ _ _ _ _ _ _ _ _ _ _ _ _ _ _ _ _ _ _ _ _ _ _ _ _ _ _ _ _ _ _ _ _ _ _ _ _ _ _ _ _ _ _ _ _ _ _ _ _ _ _ _ _ _ _ _ _ _ _ _ _ _ _ _ _ _ _ _ _ _ _ _ _ _ _ _ _ _ _ _ _ _ _ _ _ _ _ _ _ _ _ _ _ _ _ _ _ _ _ _ _ _ _ _ _ _ _ _ _ _ _ _\n\nself = <selenium.webdriver.support.wait.WebDriverWait (session=\"86c541629943457621cec36a4ac8f115\")>, method = <function element_to_be_clickable.<locals>._predicate at 0x000001A4ED27B420>, message = ''\n\n    def until(self, method: Callable[[D], Union[Literal[False], T]], message: str = \"\") -> T:\n        \"\"\"Wait until the method returns a value that is not False.\n    \n        Calls the method provided with the driver as an argument until the\n        return value does not evaluate to ``False``.\n    \n        Parameters:\n        -----------\n        method: callable(WebDriver)\n            - A callable object that takes a WebDriver instance as an argument.\n    \n        message: str\n            - Optional message for :exc:`TimeoutException`\n    \n        Return:\n        -------\n        object: T\n            - The result of the last call to `method`\n    \n        Raises:\n        -------\n        TimeoutException\n            - If 'method' does not return a truthy value within the WebDriverWait\n            object's timeout\n    \n        Example:\n        --------\n        >>> from selenium.webdriver.common.by import By\n        >>> from selenium.webdriver.support.ui import WebDriverWait\n        >>> from selenium.webdriver.support import expected_conditions as EC\n    \n        # Wait until an element is visible on the page\n        >>> wait = WebDriverWait(driver, 10)\n        >>> element = wait.until(EC.visibility_of_element_located((By.ID, \"exampleId\")))\n        >>> print(element.text)\n        \"\"\"\n        screen = None\n        stacktrace = None\n    \n        end_time = time.monotonic() + self._timeout\n        while True:\n            try:\n                value = method(self._driver)\n                if value:\n                    return value\n            except self._ignored_exceptions as exc:\n                screen = getattr(exc, \"screen\", None)\n                stacktrace = getattr(exc, \"stacktrace\", None)\n            if time.monotonic() > end_time:\n                break\n            time.sleep(self._poll)\n>       raise TimeoutException(message, screen, stacktrace)\nE       selenium.common.exceptions.TimeoutException: Message: \nE       Stacktrace:\nE       Symbols not available. Dumping unresolved backtrace:\nE       \t0x7ff7e74da235\nE       \t0x7ff7e7232630\nE       \t0x7ff7e6fc16dd\nE       \t0x7ff7e701a27e\nE       \t0x7ff7e701a58c\nE       \t0x7ff7e706ed77\nE       \t0x7ff7e706baba\nE       \t0x7ff7e700b0ed\nE       \t0x7ff7e700bf63\nE       \t0x7ff7e7505d60\nE       \t0x7ff7e74ffe8a\nE       \t0x7ff7e7521005\nE       \t0x7ff7e724d71e\nE       \t0x7ff7e7254e1f\nE       \t0x7ff7e723b7c4\nE       \t0x7ff7e723b97f\nE       \t0x7ff7e72218e8\nE       \t0x7ff831c8e8d7\nE       \t0x7ff832bac53c\n\n.venv\\Lib\\site-packages\\selenium\\webdriver\\support\\wait.py:138: TimeoutException"}, "attachments": [{"name": "stdout", "source": "38a6b419-9d4a-4757-9168-c50fbb794db8-attachment.txt", "type": "text/plain"}], "start": 1764682708777, "stop": 1764682738845, "uuid": "40fae3f6-00a8-4f2b-89f7-896fc93d46c2", "historyId": "ee6c9ec876a8d49f0f343148f14b4e53", "testCaseId": "ee6c9ec876a8d49f0f343148f14b4e53", "fullName": "Test.2_ClientSell_Test.Login#test_05_Add_New_Invoice", "labels": [{"name": "parentSuite", "value": "Test"}, {"name": "suite", "value": "2_ClientSell_Test"}, {"name": "subSuite", "value": "Login"}, {"name": "host", "value": "CT-IT-PC-0095"}, {"name": "thread", "value": "24376-MainThread"}, {"name": "framework", "value": "pytest"}, {"name": "language", "value": "cpython3"}, {"name": "package", "value": "Test.2_ClientSell_Test"}], "titlePath": ["Test", "2_ClientSell_Test.py", "Login"]}