{"name": "test_11_Go_Purchase_CreditNote", "status": "broken", "statusDetails": {"message": "selenium.common.exceptions.TimeoutException: Message: \nStacktrace:\nSymbols not available. Dumping unresolved backtrace:\n\t0x7ff7e74da235\n\t0x7ff7e7232630\n\t0x7ff7e6fc16dd\n\t0x7ff7e701a27e\n\t0x7ff7e701a58c\n\t0x7ff7e706ed77\n\t0x7ff7e706baba\n\t0x7ff7e700b0ed\n\t0x7ff7e700bf63\n\t0x7ff7e7505d60\n\t0x7ff7e74ffe8a\n\t0x7ff7e7521005\n\t0x7ff7e724d71e\n\t0x7ff7e7254e1f\n\t0x7ff7e723b7c4\n\t0x7ff7e723b97f\n\t0x7ff7e72218e8\n\t0x7ff831c8e8d7\n\t0x7ff832bac53c", "trace": "self = <Test.7_Purchase_Test.Login testMethod=test_11_Go_Purchase_CreditNote>\n\n    def test_11_Go_Purchase_CreditNote(self):\n        client_section = ClientPurchase(driver=self.driver)\n        time.sleep(.2)\n    \n    \n        # client_section.Select_Business()\n        # time.sleep(3)\n        # client_section.Click_Input()\n        # time.sleep(.2)\n        # client_section.Click_Purchases()\n    \n    \n        time.sleep(.5)\n        time.sleep(.2)\n        client_section.Click_Credit_Notes()\n        time.sleep(.5)\n        client_section.Add_Credit_Note()\n        time.sleep(.3)\n        client_section.Select_Suppiler_for_Credit_Note()\n        time.sleep(.3)\n        client_section.Invoice_ref()\n        time.sleep(.2)\n        client_section.Save_Credit_Notes()\n        time.sleep(.2)\n>       client_section.Click_Save_Button()\n\nTest\\7_Purchase_Test.py:118: \n_ _ _ _ _ _ _ _ _ _ _ _ _ _ _ _ _ _ _ _ _ _ _ _ _ _ _ _ _ _ _ _ _ _ _ _ _ _ _ _ _ _ _ _ _ _ _ _ _ _ _ _ _ _ _ _ _ _ _ _ _ _ _ _ _ _ _ _ _ _ _ _ _ _ _ _ _ _ _ _ _ _ _ _ _ _ _ _ _ _ _ _ _ _ _ _ _ _ _ _ _ _ _ _ _ _ _ _ _ _ _ _ _ _\nPages\\PurchasePage.py:387: in Click_Save_Button\n    save_btn = wait.until(EC.element_to_be_clickable((\n_ _ _ _ _ _ _ _ _ _ _ _ _ _ _ _ _ _ _ _ _ _ _ _ _ _ _ _ _ _ _ _ _ _ _ _ _ _ _ _ _ _ _ _ _ _ _ _ _ _ _ _ _ _ _ _ _ _ _ _ _ _ _ _ _ _ _ _ _ _ _ _ _ _ _ _ _ _ _ _ _ _ _ _ _ _ _ _ _ _ _ _ _ _ _ _ _ _ _ _ _ _ _ _ _ _ _ _ _ _ _ _ _ _\n\nself = <selenium.webdriver.support.wait.WebDriverWait (session=\"65ab175900bd895ccd375d5aab18db1d\")>, method = <function element_to_be_clickable.<locals>._predicate at 0x000001EB3FCB6840>, message = ''\n\n    def until(self, method: Callable[[D], Union[Literal[False], T]], message: str = \"\") -> T:\n        \"\"\"Wait until the method returns a value that is not False.\n    \n        Calls the method provided with the driver as an argument until the\n        return value does not evaluate to ``False``.\n    \n        Parameters:\n        -----------\n        method: callable(WebDriver)\n            - A callable object that takes a WebDriver instance as an argument.\n    \n        message: str\n            - Optional message for :exc:`TimeoutException`\n    \n        Return:\n        -------\n        object: T\n            - The result of the last call to `method`\n    \n        Raises:\n        -------\n        TimeoutException\n            - If 'method' does not return a truthy value within the WebDriverWait\n            object's timeout\n    \n        Example:\n        --------\n        >>> from selenium.webdriver.common.by import By\n        >>> from selenium.webdriver.support.ui import WebDriverWait\n        >>> from selenium.webdriver.support import expected_conditions as EC\n    \n        # Wait until an element is visible on the page\n        >>> wait = WebDriverWait(driver, 10)\n        >>> element = wait.until(EC.visibility_of_element_located((By.ID, \"exampleId\")))\n        >>> print(element.text)\n        \"\"\"\n        screen = None\n        stacktrace = None\n    \n        end_time = time.monotonic() + self._timeout\n        while True:\n            try:\n                value = method(self._driver)\n                if value:\n                    return value\n            except self._ignored_exceptions as exc:\n                screen = getattr(exc, \"screen\", None)\n                stacktrace = getattr(exc, \"stacktrace\", None)\n            if time.monotonic() > end_time:\n                break\n            time.sleep(self._poll)\n>       raise TimeoutException(message, screen, stacktrace)\nE       selenium.common.exceptions.TimeoutException: Message: \nE       Stacktrace:\nE       Symbols not available. Dumping unresolved backtrace:\nE       \t0x7ff7e74da235\nE       \t0x7ff7e7232630\nE       \t0x7ff7e6fc16dd\nE       \t0x7ff7e701a27e\nE       \t0x7ff7e701a58c\nE       \t0x7ff7e706ed77\nE       \t0x7ff7e706baba\nE       \t0x7ff7e700b0ed\nE       \t0x7ff7e700bf63\nE       \t0x7ff7e7505d60\nE       \t0x7ff7e74ffe8a\nE       \t0x7ff7e7521005\nE       \t0x7ff7e724d71e\nE       \t0x7ff7e7254e1f\nE       \t0x7ff7e723b7c4\nE       \t0x7ff7e723b97f\nE       \t0x7ff7e72218e8\nE       \t0x7ff831c8e8d7\nE       \t0x7ff832bac53c\n\n.venv\\Lib\\site-packages\\selenium\\webdriver\\support\\wait.py:138: TimeoutException"}, "attachments": [{"name": "stdout", "source": "7fec3c62-ab96-4ef3-970c-f2c191743b8b-attachment.txt", "type": "text/plain"}], "start": 1764676936618, "stop": 1764677025981, "uuid": "2243700f-6908-43b8-95cf-8dbdd331ce0f", "historyId": "0309351db185141053955c23483f37b6", "testCaseId": "0309351db185141053955c23483f37b6", "fullName": "Test.7_Purchase_Test.Login#test_11_Go_Purchase_CreditNote", "labels": [{"name": "parentSuite", "value": "Test"}, {"name": "suite", "value": "7_Purchase_Test"}, {"name": "subSuite", "value": "Login"}, {"name": "host", "value": "CT-IT-PC-0095"}, {"name": "thread", "value": "24212-MainThread"}, {"name": "framework", "value": "pytest"}, {"name": "language", "value": "cpython3"}, {"name": "package", "value": "Test.7_Purchase_Test"}], "titlePath": ["Test", "7_Purchase_Test.py", "Login"]}