{"name": "test_05_Add_New_Invoice", "status": "broken", "statusDetails": {"message": "selenium.common.exceptions.TimeoutException: Message: \nStacktrace:\nSymbols not available. Dumping unresolved backtrace:\n\t0x7ff7e10af3d5\n\t0x7ff7e10af430\n\t0x7ff7e0e510bd\n\t0x7ff7e0eac2fe\n\t0x7ff7e0eac60c\n\t0x7ff7e0efd187\n\t0x7ff7e0ef9d08\n\t0x7ff7e0e9cb0c\n\t0x7ff7e0e9da53\n\t0x7ff7e138b470\n\t0x7ff7e138586d\n\t0x7ff7e13a621a\n\t0x7ff7e10cb235\n\t0x7ff7e10d3a5c\n\t0x7ff7e10b8844\n\t0x7ff7e10b89f6\n\t0x7ff7e109eb87\n\t0x7ff91f1fe8d7\n\t0x7ff92006c53c", "trace": "self = <Test.2_ClientSell_Test.Login testMethod=test_05_Add_New_Invoice>\n\n    @pytest.mark.description(f\"Go to Select Admin panel >> click Home >> click bookkeeping >> go for Client >> click on sell >> invoice\")\n    \n    def test_05_Add_New_Invoice(self):\n    \n        client_section = ClientSell(driver=self.driver)\n    \n        client_section.Add_Invoice()\n        time.sleep(.2)\n        client_section.Select_Customer_Keyboard()\n        time.sleep(.2)\n    \n        client_section.Select_item_sale()\n        time.sleep(.5)\n    \n>       client_section.Click_Save()\n\nTest\\2_ClientSell_Test.py:96: \n_ _ _ _ _ _ _ _ _ _ _ _ _ _ _ _ _ _ _ _ _ _ _ _ _ _ _ _ _ _ _ _ _ _ _ _ _ _ _ _ _ _ _ _ _ _ _ _ _ _ _ _ _ _ _ _ _ _ _ _ _ _ _ _ _ _ _ _ _ _ _ _ _ _ _ _ _ _ _ _ _ _ _ _ _ _ _ _ _ _ _ _ _ _ _ _ _ _ _ _ _ _ _ _ _ _ _ _ _ _ _ _ _ _\nPages\\Client_SellPage.py:306: in Click_Save\n    update_message = WebDriverWait(self.driver, 10).until(\n_ _ _ _ _ _ _ _ _ _ _ _ _ _ _ _ _ _ _ _ _ _ _ _ _ _ _ _ _ _ _ _ _ _ _ _ _ _ _ _ _ _ _ _ _ _ _ _ _ _ _ _ _ _ _ _ _ _ _ _ _ _ _ _ _ _ _ _ _ _ _ _ _ _ _ _ _ _ _ _ _ _ _ _ _ _ _ _ _ _ _ _ _ _ _ _ _ _ _ _ _ _ _ _ _ _ _ _ _ _ _ _ _ _\n\nself = <selenium.webdriver.support.wait.WebDriverWait (session=\"9d237a6cf4ff32633b7d897534e599c3\")>, method = <function visibility_of_element_located.<locals>._predicate at 0x00000144B5C731A0>, message = ''\n\n    def until(self, method: Callable[[D], Literal[False] | T], message: str = \"\") -> T:\n        \"\"\"Wait until the method returns a value that is not False.\n    \n        Calls the method provided with the driver as an argument until the\n        return value does not evaluate to ``False``.\n    \n        Args:\n            method: A callable object that takes a WebDriver instance as an\n                argument.\n            message: Optional message for TimeoutException.\n    \n        Returns:\n            The result of the last call to `method`.\n    \n        Raises:\n            TimeoutException: If 'method' does not return a truthy value within\n                the WebDriverWait object's timeout.\n    \n        Example:\n            >>> from selenium.webdriver.common.by import By\n            >>> from selenium.webdriver.support.ui import WebDriverWait\n            >>> from selenium.webdriver.support import expected_conditions as EC\n            >>>\n            >>> # Wait until an element is visible on the page\n            >>> wait = WebDriverWait(driver, 10)\n            >>> element = wait.until(EC.visibility_of_element_located((By.ID, \"exampleId\")))\n            >>> print(element.text)\n        \"\"\"\n        screen = None\n        stacktrace = None\n    \n        end_time = time.monotonic() + self._timeout\n        while True:\n            try:\n                value = method(self._driver)\n                if value:\n                    return value\n            except self._ignored_exceptions as exc:\n                screen = getattr(exc, \"screen\", None)\n                stacktrace = getattr(exc, \"stacktrace\", None)\n            if time.monotonic() > end_time:\n                break\n            time.sleep(self._poll)\n>       raise TimeoutException(message, screen, stacktrace)\nE       selenium.common.exceptions.TimeoutException: Message: \nE       Stacktrace:\nE       Symbols not available. Dumping unresolved backtrace:\nE       \t0x7ff7e10af3d5\nE       \t0x7ff7e10af430\nE       \t0x7ff7e0e510bd\nE       \t0x7ff7e0eac2fe\nE       \t0x7ff7e0eac60c\nE       \t0x7ff7e0efd187\nE       \t0x7ff7e0ef9d08\nE       \t0x7ff7e0e9cb0c\nE       \t0x7ff7e0e9da53\nE       \t0x7ff7e138b470\nE       \t0x7ff7e138586d\nE       \t0x7ff7e13a621a\nE       \t0x7ff7e10cb235\nE       \t0x7ff7e10d3a5c\nE       \t0x7ff7e10b8844\nE       \t0x7ff7e10b89f6\nE       \t0x7ff7e109eb87\nE       \t0x7ff91f1fe8d7\nE       \t0x7ff92006c53c\n\n.venv\\Lib\\site-packages\\selenium\\webdriver\\support\\wait.py:121: TimeoutException"}, "attachments": [{"name": "stdout", "source": "e1ffc381-bce3-4bb8-86e8-ce3b1e5be5bf-attachment.txt", "type": "text/plain"}], "start": 1770617030891, "stop": 1770617049337, "uuid": "5439feac-459f-4641-982c-061afa581c78", "historyId": "ee6c9ec876a8d49f0f343148f14b4e53", "testCaseId": "ee6c9ec876a8d49f0f343148f14b4e53", "fullName": "Test.2_ClientSell_Test.Login#test_05_Add_New_Invoice", "labels": [{"name": "parentSuite", "value": "Test"}, {"name": "suite", "value": "2_ClientSell_Test"}, {"name": "subSuite", "value": "Login"}, {"name": "host", "value": "CT-IT-PC-0095"}, {"name": "thread", "value": "14488-MainThread"}, {"name": "framework", "value": "pytest"}, {"name": "language", "value": "cpython3"}, {"name": "package", "value": "Test.2_ClientSell_Test"}], "titlePath": ["Test", "2_ClientSell_Test.py", "Login"]}