{"content": {"suites": {"0": {"status": {"total_pass": 1, "total_skip": 0, "total_xpass": 0, "total_xfail": 0, "total_rerun": 0, "total_fail": 0, "total_error": 0}, "tests": {"0": {"status": "PASS", "message": "", "test_name": "test_21_Expense_claims", "rerun": "0"}}, "suite_name": "Test/10_Journals_Test.py"}, "1": {"suite_name": "Test/11_Dividend_Test.py", "tests": {"0": {"status": "PASS", "message": "", "test_name": "test_22_Expense_claims", "rerun": "0"}}, "status": {"total_pass": 1, "total_skip": 0, "total_xpass": 0, "total_xfail": 0, "total_rerun": 0, "total_fail": 0, "total_error": 0}}, "2": {"suite_name": "Test/12_Banking_Test.py", "tests": {"0": {"status": "PASS", "message": "", "test_name": "test_23_Expense_claims", "rerun": "0"}}, "status": {"total_pass": 1, "total_skip": 0, "total_xpass": 0, "total_xfail": 0, "total_rerun": 0, "total_fail": 0, "total_error": 0}}, "3": {"suite_name": "Test/1_Login_Test.py", "tests": {"0": {"status": "PASS", "message": "", "test_name": "test_login", "rerun": "0"}}, "status": {"total_pass": 1, "total_skip": 0, "total_xpass": 0, "total_xfail": 0, "total_rerun": 0, "total_fail": 0, "total_error": 0}}, "4": {"suite_name": "Test/2_ClientSell_Test.py", "tests": {"0": {"status": "PASS", "message": "", "test_name": "test_04_Go_Client_Sell", "rerun": "0"}, "1": {"status": "FAIL", "message": "   selenium.common.exceptions.TimeoutException: Message: \n   Stacktrace:\n   Symbols not available. Dumping unresolved backtrace:\n   \t0x7ff72a5ea235\n   \t0x7ff72a342630\n   \t0x7ff72a0d16dd\n   \t0x7ff72a12a27e\n   \t0x7ff72a12a58c\n   \t0x7ff72a17ed77\n   \t0x7ff72a17baba\n   \t0x7ff72a11b0ed\n   \t0x7ff72a11bf63\n   \t0x7ff72a615d60\n   \t0x7ff72a60fe8a\n   \t0x7ff72a631005\n   \t0x7ff72a35d71e\n   \t0x7ff72a364e1f\n   \t0x7ff72a34b7c4\n   \t0x7ff72a34b97f\n   \t0x7ff72a3318e8\n   \t0x7ffc535ee8d7\n   \t0x7ffc5500c53c\n", "test_name": "test_05_Add_New_Invoice", "rerun": "0"}}, "status": {"total_pass": 1, "total_skip": 0, "total_xpass": 0, "total_xfail": 0, "total_rerun": 0, "total_fail": 1, "total_error": 0}}, "5": {"suite_name": "Test/3_Credit_Notes_Test.py", "tests": {"0": {"status": "FAIL", "message": "   selenium.common.exceptions.TimeoutException: Message: \n   Stacktrace:\n   Symbols not available. Dumping unresolved backtrace:\n   \t0x7ff72a5ea235\n   \t0x7ff72a342630\n   \t0x7ff72a0d16dd\n   \t0x7ff72a12a27e\n   \t0x7ff72a12a58c\n   \t0x7ff72a17ed77\n   \t0x7ff72a17baba\n   \t0x7ff72a11b0ed\n   \t0x7ff72a11bf63\n   \t0x7ff72a615d60\n   \t0x7ff72a60fe8a\n   \t0x7ff72a631005\n   \t0x7ff72a35d71e\n   \t0x7ff72a364e1f\n   \t0x7ff72a34b7c4\n   \t0x7ff72a34b97f\n   \t0x7ff72a3318e8\n   \t0x7ffc535ee8d7\n   \t0x7ffc5500c53c\n", "test_name": "test_04_Go_Client_Sell", "rerun": "0"}}, "status": {"total_pass": 0, "total_skip": 0, "total_xpass": 0, "total_xfail": 0, "total_rerun": 0, "total_fail": 1, "total_error": 0}}, "6": {"suite_name": "Test/4_Estimates_Test.py", "tests": {"0": {"status": "FAIL", "message": "   selenium.common.exceptions.TimeoutException: Message: \n   Stacktrace:\n   Symbols not available. Dumping unresolved backtrace:\n   \t0x7ff72a5ea235\n   \t0x7ff72a342630\n   \t0x7ff72a0d16dd\n   \t0x7ff72a12a27e\n   \t0x7ff72a12a58c\n   \t0x7ff72a17ed77\n   \t0x7ff72a17baba\n   \t0x7ff72a11b0ed\n   \t0x7ff72a11bf63\n   \t0x7ff72a615d60\n   \t0x7ff72a60fe8a\n   \t0x7ff72a631005\n   \t0x7ff72a35d71e\n   \t0x7ff72a364e1f\n   \t0x7ff72a34b7c4\n   \t0x7ff72a34b97f\n   \t0x7ff72a3318e8\n   \t0x7ffc535ee8d7\n   \t0x7ffc5500c53c\n", "test_name": "test_07_Add_New_Estimates", "rerun": "0"}}, "status": {"total_pass": 0, "total_skip": 0, "total_xpass": 0, "total_xfail": 0, "total_rerun": 0, "total_fail": 1, "total_error": 0}}, "7": {"suite_name": "Test/5_Receipt_Test.py", "tests": {"0": {"status": "PASS", "message": "", "test_name": "test_08_Add_New_Receipts", "rerun": "0"}}, "status": {"total_pass": 1, "total_skip": 0, "total_xpass": 0, "total_xfail": 0, "total_rerun": 0, "total_fail": 0, "total_error": 0}}, "8": {"suite_name": "Test/6_Item_Test.py", "tests": {"0": {"status": "PASS", "message": "", "test_name": "test_09_Add_New_Item", "rerun": "0"}}, "status": {"total_pass": 1, "total_skip": 0, "total_xpass": 0, "total_xfail": 0, "total_rerun": 0, "total_fail": 0, "total_error": 0}}, "9": {"suite_name": "Test/7_Purchase_Test.py", "tests": {"0": {"status": "FAIL", "message": "   selenium.common.exceptions.TimeoutException: Message: \n   Stacktrace:\n   Symbols not available. Dumping unresolved backtrace:\n   \t0x7ff72a5ea235\n   \t0x7ff72a342630\n   \t0x7ff72a0d16dd\n   \t0x7ff72a12a27e\n   \t0x7ff72a12a58c\n   \t0x7ff72a17ed77\n   \t0x7ff72a17baba\n   \t0x7ff72a11b0ed\n   \t0x7ff72a11bf63\n   \t0x7ff72a615d60\n   \t0x7ff72a60fe8a\n   \t0x7ff72a631005\n   \t0x7ff72a35d71e\n   \t0x7ff72a364e1f\n   \t0x7ff72a34b7c4\n   \t0x7ff72a34b97f\n   \t0x7ff72a3318e8\n   \t0x7ffc535ee8d7\n   \t0x7ffc5500c53c\n       AssertionError: Expected 'Invoice created successfully' toast but did not see it.\n", "test_name": "test_10_Go_Client_Purchase", "rerun": "0"}, "1": {"status": "FAIL", "message": "   selenium.common.exceptions.TimeoutException: Message: \n   Stacktrace:\n   Symbols not available. Dumping unresolved backtrace:\n   \t0x7ff72a5ea235\n   \t0x7ff72a342630\n   \t0x7ff72a0d16dd\n   \t0x7ff72a12a27e\n   \t0x7ff72a12a58c\n   \t0x7ff72a17ed77\n   \t0x7ff72a17baba\n   \t0x7ff72a11b0ed\n   \t0x7ff72a11bf63\n   \t0x7ff72a615d60\n   \t0x7ff72a60fe8a\n   \t0x7ff72a631005\n   \t0x7ff72a35d71e\n   \t0x7ff72a364e1f\n   \t0x7ff72a34b7c4\n   \t0x7ff72a34b97f\n   \t0x7ff72a3318e8\n   \t0x7ffc535ee8d7\n   \t0x7ffc5500c53c\n", "test_name": "test_11_Go_Purchase_CreditNote", "rerun": "0"}, "2": {"status": "PASS", "message": "", "test_name": "test_12_Go_Purchase_PO", "rerun": "0"}, "3": {"status": "PASS", "message": "", "test_name": "test_13_Go_Payments", "rerun": "0"}, "4": {"status": "PASS", "message": "", "test_name": "test_14_Create_New_Item", "rerun": "0"}}, "status": {"total_pass": 3, "total_skip": 0, "total_xpass": 0, "total_xfail": 0, "total_rerun": 0, "total_fail": 2, "total_error": 0}}, "10": {"suite_name": "Test/8_Expenseclaims_Test.py", "tests": {"0": {"status": "PASS", "message": "", "test_name": "test_15_Expense_claims", "rerun": "0"}, "1": {"status": "PASS", "message": "", "test_name": "test_16_Mileage", "rerun": "0"}, "2": {"status": "PASS", "message": "", "test_name": "test_17_Reimbursement", "rerun": "0"}, "3": {"status": "PASS", "message": "", "test_name": "test_18_Refunds", "rerun": "0"}}, "status": {"total_pass": 4, "total_skip": 0, "total_xpass": 0, "total_xfail": 0, "total_rerun": 0, "total_fail": 0, "total_error": 0}}, "11": {"suite_name": "Test/9_Asset_Test.py", "tests": {"0": {"status": "PASS", "message": "", "test_name": "test_19_Expense_claims", "rerun": "0"}, "1": {"status": "PASS", "message": "", "test_name": "test_20_Add_Disposed_asset", "rerun": "0"}}, "status": {"total_pass": 2, "total_skip": 0, "total_xpass": 0, "total_xfail": 0, "total_rerun": 0, "total_fail": 0, "total_error": 0}}, "12": {"suite_name": "Test/VAT_Test.py", "tests": {"0": {"status": "PASS", "message": "", "test_name": "test_24_Expense_claims", "rerun": "0"}}, "status": {"total_pass": 1, "total_skip": 0, "total_xpass": 0, "total_xfail": 0, "total_rerun": 0, "total_fail": 0, "total_error": 0}}}}, "date": "December 01, 2025", "start_time": 1764576563.0518596, "total_suite": 13, "status": "FAIL", "status_list": {"pass": "17", "fail": "5", "skip": "0", "error": "0", "xpass": "0", "xfail": "0", "rerun": "0"}, "total_tests": "22"}