{"name": "test_13_Mileage", "status": "broken", "statusDetails": {"message": "selenium.common.exceptions.TimeoutException: Message: \nStacktrace:\nSymbols not available. Dumping unresolved backtrace:\n\t0x7ff6c52fa235\n\t0x7ff6c5052630\n\t0x7ff6c4de16dd\n\t0x7ff6c4e3a27e\n\t0x7ff6c4e3a58c\n\t0x7ff6c4e8ed77\n\t0x7ff6c4e8baba\n\t0x7ff6c4e2b0ed\n\t0x7ff6c4e2bf63\n\t0x7ff6c5325d60\n\t0x7ff6c531fe8a\n\t0x7ff6c5341005\n\t0x7ff6c506d71e\n\t0x7ff6c5074e1f\n\t0x7ff6c505b7c4\n\t0x7ff6c505b97f\n\t0x7ff6c50418e8\n\t0x7ffa4405e8d7\n\t0x7ffa453ec53c", "trace": "self = <Test.8_Expenseclaims_Test.Login testMethod=test_13_Mileage>\n\n    def test_13_Mileage(self):\n        client_section = Expenseclaims(driver=self.driver)\n        time.sleep(.2)\n        # client_section.Select_Business()\n        # time.sleep(3)\n        # client_section.Click_Input()\n        # time.sleep(.2)\n    \n        # client_section.Click_Expense_Claims()\n        # time.sleep(.5)\n        # time.sleep(.2)\n    \n    \n        client_section.Mileages_Section()\n        time.sleep(.2)\n        client_section.Click_Mileages()\n        time.sleep(.2)\n>       client_section.Select_Directors()\n\nTest\\8_Expenseclaims_Test.py:118: \n_ _ _ _ _ _ _ _ _ _ _ _ _ _ _ _ _ _ _ _ _ _ _ _ _ _ _ _ _ _ _ _ _ _ _ _ _ _ _ _ _ _ _ _ _ _ _ _ _ _ _ _ _ _ _ _ _ _ _ _ _ _ _ _ _ _ _ _ _ _ _ _ _ _ _ _ _ _ _ _ _ _ _ _ _ _ _ _ _ _ _ _ _ _ _ _ _ _ _ _ _ _ _ _ _ _ _ _ _ _ _ _ _ _\nPages\\ExpenseclaimsPage.py:392: in Select_Directors\n    container = wait.until(\n_ _ _ _ _ _ _ _ _ _ _ _ _ _ _ _ _ _ _ _ _ _ _ _ _ _ _ _ _ _ _ _ _ _ _ _ _ _ _ _ _ _ _ _ _ _ _ _ _ _ _ _ _ _ _ _ _ _ _ _ _ _ _ _ _ _ _ _ _ _ _ _ _ _ _ _ _ _ _ _ _ _ _ _ _ _ _ _ _ _ _ _ _ _ _ _ _ _ _ _ _ _ _ _ _ _ _ _ _ _ _ _ _ _\n\nself = <selenium.webdriver.support.wait.WebDriverWait (session=\"737a8560c9fe549bd7f7dd2c0233cadb\")>, method = <function element_to_be_clickable.<locals>._predicate at 0x000001E14D6C09A0>, message = ''\n\n    def until(self, method: Callable[[D], Union[Literal[False], T]], message: str = \"\") -> T:\n        \"\"\"Wait until the method returns a value that is not False.\n    \n        Calls the method provided with the driver as an argument until the\n        return value does not evaluate to ``False``.\n    \n        Parameters:\n        -----------\n        method: callable(WebDriver)\n            - A callable object that takes a WebDriver instance as an argument.\n    \n        message: str\n            - Optional message for :exc:`TimeoutException`\n    \n        Return:\n        -------\n        object: T\n            - The result of the last call to `method`\n    \n        Raises:\n        -------\n        TimeoutException\n            - If 'method' does not return a truthy value within the WebDriverWait\n            object's timeout\n    \n        Example:\n        --------\n        >>> from selenium.webdriver.common.by import By\n        >>> from selenium.webdriver.support.ui import WebDriverWait\n        >>> from selenium.webdriver.support import expected_conditions as EC\n    \n        # Wait until an element is visible on the page\n        >>> wait = WebDriverWait(driver, 10)\n        >>> element = wait.until(EC.visibility_of_element_located((By.ID, \"exampleId\")))\n        >>> print(element.text)\n        \"\"\"\n        screen = None\n        stacktrace = None\n    \n        end_time = time.monotonic() + self._timeout\n        while True:\n            try:\n                value = method(self._driver)\n                if value:\n                    return value\n            except self._ignored_exceptions as exc:\n                screen = getattr(exc, \"screen\", None)\n                stacktrace = getattr(exc, \"stacktrace\", None)\n            if time.monotonic() > end_time:\n                break\n            time.sleep(self._poll)\n>       raise TimeoutException(message, screen, stacktrace)\nE       selenium.common.exceptions.TimeoutException: Message: \nE       Stacktrace:\nE       Symbols not available. Dumping unresolved backtrace:\nE       \t0x7ff6c52fa235\nE       \t0x7ff6c5052630\nE       \t0x7ff6c4de16dd\nE       \t0x7ff6c4e3a27e\nE       \t0x7ff6c4e3a58c\nE       \t0x7ff6c4e8ed77\nE       \t0x7ff6c4e8baba\nE       \t0x7ff6c4e2b0ed\nE       \t0x7ff6c4e2bf63\nE       \t0x7ff6c5325d60\nE       \t0x7ff6c531fe8a\nE       \t0x7ff6c5341005\nE       \t0x7ff6c506d71e\nE       \t0x7ff6c5074e1f\nE       \t0x7ff6c505b7c4\nE       \t0x7ff6c505b97f\nE       \t0x7ff6c50418e8\nE       \t0x7ffa4405e8d7\nE       \t0x7ffa453ec53c\n\n.venv\\Lib\\site-packages\\selenium\\webdriver\\support\\wait.py:138: TimeoutException"}, "attachments": [{"name": "stdout", "source": "50387197-ee14-42f1-bd99-1fd239d6e38a-attachment.txt", "type": "text/plain"}], "start": 1763646709352, "stop": 1763646747274, "uuid": "9f53c912-3451-4140-9055-0178162ad265", "historyId": "474d7d43a86c8e24c088db57785de05b", "testCaseId": "474d7d43a86c8e24c088db57785de05b", "fullName": "Test.8_Expenseclaims_Test.Login#test_13_Mileage", "labels": [{"name": "parentSuite", "value": "Test"}, {"name": "suite", "value": "8_Expenseclaims_Test"}, {"name": "subSuite", "value": "Login"}, {"name": "host", "value": "CT-IT-PC-0095"}, {"name": "thread", "value": "27552-MainThread"}, {"name": "framework", "value": "pytest"}, {"name": "language", "value": "cpython3"}, {"name": "package", "value": "Test.8_Expenseclaims_Test"}], "titlePath": ["Test", "8_Expenseclaims_Test.py", "Login"]}